INFO - 2023-06-07 11:29:38 --> Session: Class initialized using 'CodeIgniter\Session\Handlers\FileHandler' driver.
INFO - 2023-06-07 11:29:55 --> CSRF token verified.
INFO - 2023-06-07 11:29:55 --> Session: Class initialized using 'CodeIgniter\Session\Handlers\FileHandler' driver.
INFO - 2023-06-07 11:30:02 --> CSRF token verified.
CRITICAL - 2023-06-07 16:14:47 --> Invalid file: "welcome_message.php"
in SYSTEMPATH\Exceptions\FrameworkException.php on line 33.
 1 SYSTEMPATH\View\View.php(201): CodeIgniter\Exceptions\FrameworkException::forInvalidFile()
 2 SYSTEMPATH\Common.php(1184): CodeIgniter\View\View->render()
 3 APPPATH\Controllers\Pages.php(11): view()
 4 SYSTEMPATH\CodeIgniter.php(934): App\Controllers\Pages->index()
 5 SYSTEMPATH\CodeIgniter.php(499): CodeIgniter\CodeIgniter->runController()
 6 SYSTEMPATH\CodeIgniter.php(368): CodeIgniter\CodeIgniter->handleRequest()
 7 FCPATH\index.php(67): CodeIgniter\CodeIgniter->run()
CRITICAL - 2023-06-07 16:14:47 --> Invalid file: "welcome_message.php"
in SYSTEMPATH\Exceptions\FrameworkException.php on line 33.
 1 SYSTEMPATH\View\View.php(201): CodeIgniter\Exceptions\FrameworkException::forInvalidFile()
 2 SYSTEMPATH\Common.php(1184): CodeIgniter\View\View->render()
 3 APPPATH\Controllers\Pages.php(11): view()
 4 SYSTEMPATH\CodeIgniter.php(934): App\Controllers\Pages->index()
 5 SYSTEMPATH\CodeIgniter.php(499): CodeIgniter\CodeIgniter->runController()
 6 SYSTEMPATH\CodeIgniter.php(368): CodeIgniter\CodeIgniter->handleRequest()
 7 FCPATH\index.php(67): CodeIgniter\CodeIgniter->run()
CRITICAL - 2023-06-07 16:15:42 --> Undefined variable: data
in APPPATH\Controllers\Pages.php on line 11.
 1 APPPATH\Controllers\Pages.php(11): CodeIgniter\Debug\Exceptions->errorHandler()
 2 SYSTEMPATH\CodeIgniter.php(934): App\Controllers\Pages->index()
 3 SYSTEMPATH\CodeIgniter.php(499): CodeIgniter\CodeIgniter->runController()
 4 SYSTEMPATH\CodeIgniter.php(368): CodeIgniter\CodeIgniter->handleRequest()
 5 FCPATH\index.php(67): CodeIgniter\CodeIgniter->run()
CRITICAL - 2023-06-07 16:15:43 --> Undefined variable: data
in APPPATH\Controllers\Pages.php on line 11.
 1 APPPATH\Controllers\Pages.php(11): CodeIgniter\Debug\Exceptions->errorHandler()
 2 SYSTEMPATH\CodeIgniter.php(934): App\Controllers\Pages->index()
 3 SYSTEMPATH\CodeIgniter.php(499): CodeIgniter\CodeIgniter->runController()
 4 SYSTEMPATH\CodeIgniter.php(368): CodeIgniter\CodeIgniter->handleRequest()
 5 FCPATH\index.php(67): CodeIgniter\CodeIgniter->run()
CRITICAL - 2023-06-07 16:16:14 --> Undefined variable: title
in APPPATH\Views\templates\header.php on line 8.
 1 APPPATH\Views\templates\header.php(8): CodeIgniter\Debug\Exceptions->errorHandler()
 2 SYSTEMPATH\View\View.php(213): include('C:\\Program Files\\Ampps\\www\\pea-news\\app\\Views\\templates\\header.php')
 3 SYSTEMPATH\View\View.php(216): CodeIgniter\View\View->CodeIgniter\View\{closure}()
 4 SYSTEMPATH\Common.php(1184): CodeIgniter\View\View->render()
 5 APPPATH\Controllers\Pages.php(11): view()
 6 SYSTEMPATH\CodeIgniter.php(934): App\Controllers\Pages->index()
 7 SYSTEMPATH\CodeIgniter.php(499): CodeIgniter\CodeIgniter->runController()
 8 SYSTEMPATH\CodeIgniter.php(368): CodeIgniter\CodeIgniter->handleRequest()
 9 FCPATH\index.php(67): CodeIgniter\CodeIgniter->run()
CRITICAL - 2023-06-07 16:16:15 --> Undefined variable: title
in APPPATH\Views\templates\header.php on line 8.
 1 APPPATH\Views\templates\header.php(8): CodeIgniter\Debug\Exceptions->errorHandler()
 2 SYSTEMPATH\View\View.php(213): include('C:\\Program Files\\Ampps\\www\\pea-news\\app\\Views\\templates\\header.php')
 3 SYSTEMPATH\View\View.php(216): CodeIgniter\View\View->CodeIgniter\View\{closure}()
 4 SYSTEMPATH\Common.php(1184): CodeIgniter\View\View->render()
 5 APPPATH\Controllers\Pages.php(11): view()
 6 SYSTEMPATH\CodeIgniter.php(934): App\Controllers\Pages->index()
 7 SYSTEMPATH\CodeIgniter.php(499): CodeIgniter\CodeIgniter->runController()
 8 SYSTEMPATH\CodeIgniter.php(368): CodeIgniter\CodeIgniter->handleRequest()
 9 FCPATH\index.php(67): CodeIgniter\CodeIgniter->run()
CRITICAL - 2023-06-07 16:16:59 --> Argument 2 passed to view() must be of the type array, string given, called in C:\Program Files\Ampps\www\pea-news\app\Controllers\Pages.php on line 11
in SYSTEMPATH\Common.php on line 1172.
 1 APPPATH\Controllers\Pages.php(11): view()
 2 SYSTEMPATH\CodeIgniter.php(934): App\Controllers\Pages->index()
 3 SYSTEMPATH\CodeIgniter.php(499): CodeIgniter\CodeIgniter->runController()
 4 SYSTEMPATH\CodeIgniter.php(368): CodeIgniter\CodeIgniter->handleRequest()
 5 FCPATH\index.php(67): CodeIgniter\CodeIgniter->run()
CRITICAL - 2023-06-07 16:17:00 --> Argument 2 passed to view() must be of the type array, string given, called in C:\Program Files\Ampps\www\pea-news\app\Controllers\Pages.php on line 11
in SYSTEMPATH\Common.php on line 1172.
 1 APPPATH\Controllers\Pages.php(11): view()
 2 SYSTEMPATH\CodeIgniter.php(934): App\Controllers\Pages->index()
 3 SYSTEMPATH\CodeIgniter.php(499): CodeIgniter\CodeIgniter->runController()
 4 SYSTEMPATH\CodeIgniter.php(368): CodeIgniter\CodeIgniter->handleRequest()
 5 FCPATH\index.php(67): CodeIgniter\CodeIgniter->run()
CRITICAL - 2023-06-07 16:36:57 --> include(../templates/header.php): failed to open stream: No such file or directory
in APPPATH\Views\pages\home.php on line 17.
 1 APPPATH\Views\pages\home.php(17): CodeIgniter\Debug\Exceptions->errorHandler()
 2 APPPATH\Views\pages\home.php(17): include()
 3 SYSTEMPATH\View\View.php(213): include('C:\\Program Files\\Ampps\\www\\pea-news\\app\\Views\\pages\\home.php')
 4 SYSTEMPATH\View\View.php(216): CodeIgniter\View\View->CodeIgniter\View\{closure}()
 5 SYSTEMPATH\Common.php(1184): CodeIgniter\View\View->render()
 6 APPPATH\Controllers\Home.php(9): view()
 7 SYSTEMPATH\CodeIgniter.php(934): App\Controllers\Home->index()
 8 SYSTEMPATH\CodeIgniter.php(499): CodeIgniter\CodeIgniter->runController()
 9 SYSTEMPATH\CodeIgniter.php(368): CodeIgniter\CodeIgniter->handleRequest()
10 FCPATH\index.php(67): CodeIgniter\CodeIgniter->run()
CRITICAL - 2023-06-07 16:37:30 --> include(../templates/header.php): failed to open stream: No such file or directory
in APPPATH\Views\pages\home.php on line 17.
 1 APPPATH\Views\pages\home.php(17): CodeIgniter\Debug\Exceptions->errorHandler()
 2 APPPATH\Views\pages\home.php(17): include()
 3 SYSTEMPATH\View\View.php(213): include('C:\\Program Files\\Ampps\\www\\pea-news\\app\\Views\\pages\\home.php')
 4 SYSTEMPATH\View\View.php(216): CodeIgniter\View\View->CodeIgniter\View\{closure}()
 5 SYSTEMPATH\Common.php(1184): CodeIgniter\View\View->render()
 6 APPPATH\Controllers\Home.php(9): view()
 7 SYSTEMPATH\CodeIgniter.php(934): App\Controllers\Home->index()
 8 SYSTEMPATH\CodeIgniter.php(499): CodeIgniter\CodeIgniter->runController()
 9 SYSTEMPATH\CodeIgniter.php(368): CodeIgniter\CodeIgniter->handleRequest()
10 FCPATH\index.php(67): CodeIgniter\CodeIgniter->run()
CRITICAL - 2023-06-07 16:37:31 --> include(../templates/header.php): failed to open stream: No such file or directory
in APPPATH\Views\pages\home.php on line 17.
 1 APPPATH\Views\pages\home.php(17): CodeIgniter\Debug\Exceptions->errorHandler()
 2 APPPATH\Views\pages\home.php(17): include()
 3 SYSTEMPATH\View\View.php(213): include('C:\\Program Files\\Ampps\\www\\pea-news\\app\\Views\\pages\\home.php')
 4 SYSTEMPATH\View\View.php(216): CodeIgniter\View\View->CodeIgniter\View\{closure}()
 5 SYSTEMPATH\Common.php(1184): CodeIgniter\View\View->render()
 6 APPPATH\Controllers\Home.php(9): view()
 7 SYSTEMPATH\CodeIgniter.php(934): App\Controllers\Home->index()
 8 SYSTEMPATH\CodeIgniter.php(499): CodeIgniter\CodeIgniter->runController()
 9 SYSTEMPATH\CodeIgniter.php(368): CodeIgniter\CodeIgniter->handleRequest()
10 FCPATH\index.php(67): CodeIgniter\CodeIgniter->run()
CRITICAL - 2023-06-07 16:37:32 --> include(../templates/header.php): failed to open stream: No such file or directory
in APPPATH\Views\pages\home.php on line 17.
 1 APPPATH\Views\pages\home.php(17): CodeIgniter\Debug\Exceptions->errorHandler()
 2 APPPATH\Views\pages\home.php(17): include()
 3 SYSTEMPATH\View\View.php(213): include('C:\\Program Files\\Ampps\\www\\pea-news\\app\\Views\\pages\\home.php')
 4 SYSTEMPATH\View\View.php(216): CodeIgniter\View\View->CodeIgniter\View\{closure}()
 5 SYSTEMPATH\Common.php(1184): CodeIgniter\View\View->render()
 6 APPPATH\Controllers\Home.php(9): view()
 7 SYSTEMPATH\CodeIgniter.php(934): App\Controllers\Home->index()
 8 SYSTEMPATH\CodeIgniter.php(499): CodeIgniter\CodeIgniter->runController()
 9 SYSTEMPATH\CodeIgniter.php(368): CodeIgniter\CodeIgniter->handleRequest()
10 FCPATH\index.php(67): CodeIgniter\CodeIgniter->run()
CRITICAL - 2023-06-07 16:38:26 --> include(../templates/header.php): failed to open stream: No such file or directory
in APPPATH\Views\pages\home.php on line 17.
 1 APPPATH\Views\pages\home.php(17): CodeIgniter\Debug\Exceptions->errorHandler()
 2 APPPATH\Views\pages\home.php(17): include()
 3 SYSTEMPATH\View\View.php(213): include('C:\\Program Files\\Ampps\\www\\pea-news\\app\\Views\\pages\\home.php')
 4 SYSTEMPATH\View\View.php(216): CodeIgniter\View\View->CodeIgniter\View\{closure}()
 5 SYSTEMPATH\Common.php(1184): CodeIgniter\View\View->render()
 6 APPPATH\Controllers\Home.php(9): view()
 7 SYSTEMPATH\CodeIgniter.php(934): App\Controllers\Home->index()
 8 SYSTEMPATH\CodeIgniter.php(499): CodeIgniter\CodeIgniter->runController()
 9 SYSTEMPATH\CodeIgniter.php(368): CodeIgniter\CodeIgniter->handleRequest()
10 FCPATH\index.php(67): CodeIgniter\CodeIgniter->run()
CRITICAL - 2023-06-07 16:38:27 --> include(../templates/header.php): failed to open stream: No such file or directory
in APPPATH\Views\pages\home.php on line 17.
 1 APPPATH\Views\pages\home.php(17): CodeIgniter\Debug\Exceptions->errorHandler()
 2 APPPATH\Views\pages\home.php(17): include()
 3 SYSTEMPATH\View\View.php(213): include('C:\\Program Files\\Ampps\\www\\pea-news\\app\\Views\\pages\\home.php')
 4 SYSTEMPATH\View\View.php(216): CodeIgniter\View\View->CodeIgniter\View\{closure}()
 5 SYSTEMPATH\Common.php(1184): CodeIgniter\View\View->render()
 6 APPPATH\Controllers\Home.php(9): view()
 7 SYSTEMPATH\CodeIgniter.php(934): App\Controllers\Home->index()
 8 SYSTEMPATH\CodeIgniter.php(499): CodeIgniter\CodeIgniter->runController()
 9 SYSTEMPATH\CodeIgniter.php(368): CodeIgniter\CodeIgniter->handleRequest()
10 FCPATH\index.php(67): CodeIgniter\CodeIgniter->run()
CRITICAL - 2023-06-07 16:38:27 --> include(../templates/header.php): failed to open stream: No such file or directory
in APPPATH\Views\pages\home.php on line 17.
 1 APPPATH\Views\pages\home.php(17): CodeIgniter\Debug\Exceptions->errorHandler()
 2 APPPATH\Views\pages\home.php(17): include()
 3 SYSTEMPATH\View\View.php(213): include('C:\\Program Files\\Ampps\\www\\pea-news\\app\\Views\\pages\\home.php')
 4 SYSTEMPATH\View\View.php(216): CodeIgniter\View\View->CodeIgniter\View\{closure}()
 5 SYSTEMPATH\Common.php(1184): CodeIgniter\View\View->render()
 6 APPPATH\Controllers\Home.php(9): view()
 7 SYSTEMPATH\CodeIgniter.php(934): App\Controllers\Home->index()
 8 SYSTEMPATH\CodeIgniter.php(499): CodeIgniter\CodeIgniter->runController()
 9 SYSTEMPATH\CodeIgniter.php(368): CodeIgniter\CodeIgniter->handleRequest()
10 FCPATH\index.php(67): CodeIgniter\CodeIgniter->run()
CRITICAL - 2023-06-07 16:40:57 --> include(../templates/header.php): failed to open stream: No such file or directory
in APPPATH\Views\pages\home.php on line 17.
 1 APPPATH\Views\pages\home.php(17): CodeIgniter\Debug\Exceptions->errorHandler()
 2 APPPATH\Views\pages\home.php(17): include()
 3 SYSTEMPATH\View\View.php(213): include('C:\\Program Files\\Ampps\\www\\pea-news\\app\\Views\\pages\\home.php')
 4 SYSTEMPATH\View\View.php(216): CodeIgniter\View\View->CodeIgniter\View\{closure}()
 5 SYSTEMPATH\Common.php(1184): CodeIgniter\View\View->render()
 6 APPPATH\Controllers\Home.php(9): view()
 7 SYSTEMPATH\CodeIgniter.php(934): App\Controllers\Home->index()
 8 SYSTEMPATH\CodeIgniter.php(499): CodeIgniter\CodeIgniter->runController()
 9 SYSTEMPATH\CodeIgniter.php(368): CodeIgniter\CodeIgniter->handleRequest()
10 FCPATH\index.php(67): CodeIgniter\CodeIgniter->run()
CRITICAL - 2023-06-07 16:40:58 --> include(../templates/header.php): failed to open stream: No such file or directory
in APPPATH\Views\pages\home.php on line 17.
 1 APPPATH\Views\pages\home.php(17): CodeIgniter\Debug\Exceptions->errorHandler()
 2 APPPATH\Views\pages\home.php(17): include()
 3 SYSTEMPATH\View\View.php(213): include('C:\\Program Files\\Ampps\\www\\pea-news\\app\\Views\\pages\\home.php')
 4 SYSTEMPATH\View\View.php(216): CodeIgniter\View\View->CodeIgniter\View\{closure}()
 5 SYSTEMPATH\Common.php(1184): CodeIgniter\View\View->render()
 6 APPPATH\Controllers\Home.php(9): view()
 7 SYSTEMPATH\CodeIgniter.php(934): App\Controllers\Home->index()
 8 SYSTEMPATH\CodeIgniter.php(499): CodeIgniter\CodeIgniter->runController()
 9 SYSTEMPATH\CodeIgniter.php(368): CodeIgniter\CodeIgniter->handleRequest()
10 FCPATH\index.php(67): CodeIgniter\CodeIgniter->run()
CRITICAL - 2023-06-07 16:40:58 --> include(../templates/header.php): failed to open stream: No such file or directory
in APPPATH\Views\pages\home.php on line 17.
 1 APPPATH\Views\pages\home.php(17): CodeIgniter\Debug\Exceptions->errorHandler()
 2 APPPATH\Views\pages\home.php(17): include()
 3 SYSTEMPATH\View\View.php(213): include('C:\\Program Files\\Ampps\\www\\pea-news\\app\\Views\\pages\\home.php')
 4 SYSTEMPATH\View\View.php(216): CodeIgniter\View\View->CodeIgniter\View\{closure}()
 5 SYSTEMPATH\Common.php(1184): CodeIgniter\View\View->render()
 6 APPPATH\Controllers\Home.php(9): view()
 7 SYSTEMPATH\CodeIgniter.php(934): App\Controllers\Home->index()
 8 SYSTEMPATH\CodeIgniter.php(499): CodeIgniter\CodeIgniter->runController()
 9 SYSTEMPATH\CodeIgniter.php(368): CodeIgniter\CodeIgniter->handleRequest()
10 FCPATH\index.php(67): CodeIgniter\CodeIgniter->run()
CRITICAL - 2023-06-07 16:40:59 --> include(../templates/header.php): failed to open stream: No such file or directory
in APPPATH\Views\pages\home.php on line 17.
 1 APPPATH\Views\pages\home.php(17): CodeIgniter\Debug\Exceptions->errorHandler()
 2 APPPATH\Views\pages\home.php(17): include()
 3 SYSTEMPATH\View\View.php(213): include('C:\\Program Files\\Ampps\\www\\pea-news\\app\\Views\\pages\\home.php')
 4 SYSTEMPATH\View\View.php(216): CodeIgniter\View\View->CodeIgniter\View\{closure}()
 5 SYSTEMPATH\Common.php(1184): CodeIgniter\View\View->render()
 6 APPPATH\Controllers\Home.php(9): view()
 7 SYSTEMPATH\CodeIgniter.php(934): App\Controllers\Home->index()
 8 SYSTEMPATH\CodeIgniter.php(499): CodeIgniter\CodeIgniter->runController()
 9 SYSTEMPATH\CodeIgniter.php(368): CodeIgniter\CodeIgniter->handleRequest()
10 FCPATH\index.php(67): CodeIgniter\CodeIgniter->run()
CRITICAL - 2023-06-07 16:40:59 --> include(../templates/header.php): failed to open stream: No such file or directory
in APPPATH\Views\pages\home.php on line 17.
 1 APPPATH\Views\pages\home.php(17): CodeIgniter\Debug\Exceptions->errorHandler()
 2 APPPATH\Views\pages\home.php(17): include()
 3 SYSTEMPATH\View\View.php(213): include('C:\\Program Files\\Ampps\\www\\pea-news\\app\\Views\\pages\\home.php')
 4 SYSTEMPATH\View\View.php(216): CodeIgniter\View\View->CodeIgniter\View\{closure}()
 5 SYSTEMPATH\Common.php(1184): CodeIgniter\View\View->render()
 6 APPPATH\Controllers\Home.php(9): view()
 7 SYSTEMPATH\CodeIgniter.php(934): App\Controllers\Home->index()
 8 SYSTEMPATH\CodeIgniter.php(499): CodeIgniter\CodeIgniter->runController()
 9 SYSTEMPATH\CodeIgniter.php(368): CodeIgniter\CodeIgniter->handleRequest()
10 FCPATH\index.php(67): CodeIgniter\CodeIgniter->run()
CRITICAL - 2023-06-07 16:40:59 --> include(../templates/header.php): failed to open stream: No such file or directory
in APPPATH\Views\pages\home.php on line 17.
 1 APPPATH\Views\pages\home.php(17): CodeIgniter\Debug\Exceptions->errorHandler()
 2 APPPATH\Views\pages\home.php(17): include()
 3 SYSTEMPATH\View\View.php(213): include('C:\\Program Files\\Ampps\\www\\pea-news\\app\\Views\\pages\\home.php')
 4 SYSTEMPATH\View\View.php(216): CodeIgniter\View\View->CodeIgniter\View\{closure}()
 5 SYSTEMPATH\Common.php(1184): CodeIgniter\View\View->render()
 6 APPPATH\Controllers\Home.php(9): view()
 7 SYSTEMPATH\CodeIgniter.php(934): App\Controllers\Home->index()
 8 SYSTEMPATH\CodeIgniter.php(499): CodeIgniter\CodeIgniter->runController()
 9 SYSTEMPATH\CodeIgniter.php(368): CodeIgniter\CodeIgniter->handleRequest()
10 FCPATH\index.php(67): CodeIgniter\CodeIgniter->run()
CRITICAL - 2023-06-07 16:40:59 --> include(../templates/header.php): failed to open stream: No such file or directory
in APPPATH\Views\pages\home.php on line 17.
 1 APPPATH\Views\pages\home.php(17): CodeIgniter\Debug\Exceptions->errorHandler()
 2 APPPATH\Views\pages\home.php(17): include()
 3 SYSTEMPATH\View\View.php(213): include('C:\\Program Files\\Ampps\\www\\pea-news\\app\\Views\\pages\\home.php')
 4 SYSTEMPATH\View\View.php(216): CodeIgniter\View\View->CodeIgniter\View\{closure}()
 5 SYSTEMPATH\Common.php(1184): CodeIgniter\View\View->render()
 6 APPPATH\Controllers\Home.php(9): view()
 7 SYSTEMPATH\CodeIgniter.php(934): App\Controllers\Home->index()
 8 SYSTEMPATH\CodeIgniter.php(499): CodeIgniter\CodeIgniter->runController()
 9 SYSTEMPATH\CodeIgniter.php(368): CodeIgniter\CodeIgniter->handleRequest()
10 FCPATH\index.php(67): CodeIgniter\CodeIgniter->run()
CRITICAL - 2023-06-07 16:40:59 --> include(../templates/header.php): failed to open stream: No such file or directory
in APPPATH\Views\pages\home.php on line 17.
 1 APPPATH\Views\pages\home.php(17): CodeIgniter\Debug\Exceptions->errorHandler()
 2 APPPATH\Views\pages\home.php(17): include()
 3 SYSTEMPATH\View\View.php(213): include('C:\\Program Files\\Ampps\\www\\pea-news\\app\\Views\\pages\\home.php')
 4 SYSTEMPATH\View\View.php(216): CodeIgniter\View\View->CodeIgniter\View\{closure}()
 5 SYSTEMPATH\Common.php(1184): CodeIgniter\View\View->render()
 6 APPPATH\Controllers\Home.php(9): view()
 7 SYSTEMPATH\CodeIgniter.php(934): App\Controllers\Home->index()
 8 SYSTEMPATH\CodeIgniter.php(499): CodeIgniter\CodeIgniter->runController()
 9 SYSTEMPATH\CodeIgniter.php(368): CodeIgniter\CodeIgniter->handleRequest()
10 FCPATH\index.php(67): CodeIgniter\CodeIgniter->run()
CRITICAL - 2023-06-07 16:41:00 --> include(../templates/header.php): failed to open stream: No such file or directory
in APPPATH\Views\pages\home.php on line 17.
 1 APPPATH\Views\pages\home.php(17): CodeIgniter\Debug\Exceptions->errorHandler()
 2 APPPATH\Views\pages\home.php(17): include()
 3 SYSTEMPATH\View\View.php(213): include('C:\\Program Files\\Ampps\\www\\pea-news\\app\\Views\\pages\\home.php')
 4 SYSTEMPATH\View\View.php(216): CodeIgniter\View\View->CodeIgniter\View\{closure}()
 5 SYSTEMPATH\Common.php(1184): CodeIgniter\View\View->render()
 6 APPPATH\Controllers\Home.php(9): view()
 7 SYSTEMPATH\CodeIgniter.php(934): App\Controllers\Home->index()
 8 SYSTEMPATH\CodeIgniter.php(499): CodeIgniter\CodeIgniter->runController()
 9 SYSTEMPATH\CodeIgniter.php(368): CodeIgniter\CodeIgniter->handleRequest()
10 FCPATH\index.php(67): CodeIgniter\CodeIgniter->run()
CRITICAL - 2023-06-07 16:41:00 --> include(../templates/header.php): failed to open stream: No such file or directory
in APPPATH\Views\pages\home.php on line 17.
 1 APPPATH\Views\pages\home.php(17): CodeIgniter\Debug\Exceptions->errorHandler()
 2 APPPATH\Views\pages\home.php(17): include()
 3 SYSTEMPATH\View\View.php(213): include('C:\\Program Files\\Ampps\\www\\pea-news\\app\\Views\\pages\\home.php')
 4 SYSTEMPATH\View\View.php(216): CodeIgniter\View\View->CodeIgniter\View\{closure}()
 5 SYSTEMPATH\Common.php(1184): CodeIgniter\View\View->render()
 6 APPPATH\Controllers\Home.php(9): view()
 7 SYSTEMPATH\CodeIgniter.php(934): App\Controllers\Home->index()
 8 SYSTEMPATH\CodeIgniter.php(499): CodeIgniter\CodeIgniter->runController()
 9 SYSTEMPATH\CodeIgniter.php(368): CodeIgniter\CodeIgniter->handleRequest()
10 FCPATH\index.php(67): CodeIgniter\CodeIgniter->run()
CRITICAL - 2023-06-07 16:41:00 --> include(../templates/header.php): failed to open stream: No such file or directory
in APPPATH\Views\pages\home.php on line 17.
 1 APPPATH\Views\pages\home.php(17): CodeIgniter\Debug\Exceptions->errorHandler()
 2 APPPATH\Views\pages\home.php(17): include()
 3 SYSTEMPATH\View\View.php(213): include('C:\\Program Files\\Ampps\\www\\pea-news\\app\\Views\\pages\\home.php')
 4 SYSTEMPATH\View\View.php(216): CodeIgniter\View\View->CodeIgniter\View\{closure}()
 5 SYSTEMPATH\Common.php(1184): CodeIgniter\View\View->render()
 6 APPPATH\Controllers\Home.php(9): view()
 7 SYSTEMPATH\CodeIgniter.php(934): App\Controllers\Home->index()
 8 SYSTEMPATH\CodeIgniter.php(499): CodeIgniter\CodeIgniter->runController()
 9 SYSTEMPATH\CodeIgniter.php(368): CodeIgniter\CodeIgniter->handleRequest()
10 FCPATH\index.php(67): CodeIgniter\CodeIgniter->run()
CRITICAL - 2023-06-07 22:59:03 --> Undefined variable: news
in APPPATH\Views\news\view.php on line 1.
 1 APPPATH\Views\news\view.php(1): CodeIgniter\Debug\Exceptions->errorHandler()
 2 APPPATH\Views\pages\home.php(23): include_once('C:\\Program Files\\Ampps\\www\\pea-news\\app\\Views\\news\\view.php')
 3 SYSTEMPATH\View\View.php(213): include('C:\\Program Files\\Ampps\\www\\pea-news\\app\\Views\\pages\\home.php')
 4 SYSTEMPATH\View\View.php(216): CodeIgniter\View\View->CodeIgniter\View\{closure}()
 5 SYSTEMPATH\Common.php(1184): CodeIgniter\View\View->render()
 6 APPPATH\Controllers\Home.php(9): view()
 7 SYSTEMPATH\CodeIgniter.php(934): App\Controllers\Home->index()
 8 SYSTEMPATH\CodeIgniter.php(499): CodeIgniter\CodeIgniter->runController()
 9 SYSTEMPATH\CodeIgniter.php(368): CodeIgniter\CodeIgniter->handleRequest()
10 FCPATH\index.php(67): CodeIgniter\CodeIgniter->run()
CRITICAL - 2023-06-07 23:05:53 --> Undefined index: title
in APPPATH\Views\news\view.php on line 1.
 1 APPPATH\Views\news\view.php(1): CodeIgniter\Debug\Exceptions->errorHandler()
 2 APPPATH\Views\pages\home.php(23): include_once('C:\\Program Files\\Ampps\\www\\pea-news\\app\\Views\\news\\view.php')
 3 SYSTEMPATH\View\View.php(213): include('C:\\Program Files\\Ampps\\www\\pea-news\\app\\Views\\pages\\home.php')
 4 SYSTEMPATH\View\View.php(216): CodeIgniter\View\View->CodeIgniter\View\{closure}()
 5 SYSTEMPATH\Common.php(1184): CodeIgniter\View\View->render()
 6 APPPATH\Controllers\Home.php(16): view()
 7 SYSTEMPATH\CodeIgniter.php(934): App\Controllers\Home->index()
 8 SYSTEMPATH\CodeIgniter.php(499): CodeIgniter\CodeIgniter->runController()
 9 SYSTEMPATH\CodeIgniter.php(368): CodeIgniter\CodeIgniter->handleRequest()
10 FCPATH\index.php(67): CodeIgniter\CodeIgniter->run()
CRITICAL - 2023-06-07 23:06:12 --> Undefined index: title
in APPPATH\Views\news\view.php on line 1.
 1 APPPATH\Views\news\view.php(1): CodeIgniter\Debug\Exceptions->errorHandler()
 2 APPPATH\Views\pages\home.php(23): include_once('C:\\Program Files\\Ampps\\www\\pea-news\\app\\Views\\news\\view.php')
 3 SYSTEMPATH\View\View.php(213): include('C:\\Program Files\\Ampps\\www\\pea-news\\app\\Views\\pages\\home.php')
 4 SYSTEMPATH\View\View.php(216): CodeIgniter\View\View->CodeIgniter\View\{closure}()
 5 SYSTEMPATH\Common.php(1184): CodeIgniter\View\View->render()
 6 APPPATH\Controllers\Home.php(16): view()
 7 SYSTEMPATH\CodeIgniter.php(934): App\Controllers\Home->index()
 8 SYSTEMPATH\CodeIgniter.php(499): CodeIgniter\CodeIgniter->runController()
 9 SYSTEMPATH\CodeIgniter.php(368): CodeIgniter\CodeIgniter->handleRequest()
10 FCPATH\index.php(67): CodeIgniter\CodeIgniter->run()
CRITICAL - 2023-06-07 23:16:08 --> Invalid file: "pages/home.php"
in SYSTEMPATH\Exceptions\FrameworkException.php on line 33.
 1 SYSTEMPATH\View\View.php(201): CodeIgniter\Exceptions\FrameworkException::forInvalidFile()
 2 SYSTEMPATH\Common.php(1184): CodeIgniter\View\View->render()
 3 APPPATH\Controllers\Pages.php(11): view()
 4 SYSTEMPATH\CodeIgniter.php(934): App\Controllers\Pages->index()
 5 SYSTEMPATH\CodeIgniter.php(499): CodeIgniter\CodeIgniter->runController()
 6 SYSTEMPATH\CodeIgniter.php(368): CodeIgniter\CodeIgniter->handleRequest()
 7 FCPATH\index.php(67): CodeIgniter\CodeIgniter->run()
CRITICAL - 2023-06-07 23:17:15 --> Invalid file: "pages/home.php"
in SYSTEMPATH\Exceptions\FrameworkException.php on line 33.
 1 SYSTEMPATH\View\View.php(201): CodeIgniter\Exceptions\FrameworkException::forInvalidFile()
 2 SYSTEMPATH\Common.php(1184): CodeIgniter\View\View->render()
 3 APPPATH\Controllers\Pages.php(11): view()
 4 SYSTEMPATH\CodeIgniter.php(934): App\Controllers\Pages->index()
 5 SYSTEMPATH\CodeIgniter.php(499): CodeIgniter\CodeIgniter->runController()
 6 SYSTEMPATH\CodeIgniter.php(368): CodeIgniter\CodeIgniter->handleRequest()
 7 FCPATH\index.php(67): CodeIgniter\CodeIgniter->run()
CRITICAL - 2023-06-07 23:23:34 --> Undefined variable: news
in APPPATH\Views\pages\home.php on line 1.
 1 APPPATH\Views\pages\home.php(1): CodeIgniter\Debug\Exceptions->errorHandler()
 2 SYSTEMPATH\View\View.php(213): include('C:\\Program Files\\Ampps\\www\\pea-news\\app\\Views\\pages\\home.php')
 3 SYSTEMPATH\View\View.php(216): CodeIgniter\View\View->CodeIgniter\View\{closure}()
 4 SYSTEMPATH\Common.php(1184): CodeIgniter\View\View->render()
 5 APPPATH\Controllers\Pages.php(24): view()
 6 SYSTEMPATH\CodeIgniter.php(934): App\Controllers\Pages->view()
 7 SYSTEMPATH\CodeIgniter.php(499): CodeIgniter\CodeIgniter->runController()
 8 SYSTEMPATH\CodeIgniter.php(368): CodeIgniter\CodeIgniter->handleRequest()
 9 FCPATH\index.php(67): CodeIgniter\CodeIgniter->run()
CRITICAL - 2023-06-07 23:26:15 --> Undefined index: title
in APPPATH\Views\pages\home.php on line 1.
 1 APPPATH\Views\pages\home.php(1): CodeIgniter\Debug\Exceptions->errorHandler()
 2 SYSTEMPATH\View\View.php(213): include('C:\\Program Files\\Ampps\\www\\pea-news\\app\\Views\\pages\\home.php')
 3 SYSTEMPATH\View\View.php(216): CodeIgniter\View\View->CodeIgniter\View\{closure}()
 4 SYSTEMPATH\Common.php(1184): CodeIgniter\View\View->render()
 5 APPPATH\Controllers\Pages.php(29): view()
 6 SYSTEMPATH\CodeIgniter.php(934): App\Controllers\Pages->view()
 7 SYSTEMPATH\CodeIgniter.php(499): CodeIgniter\CodeIgniter->runController()
 8 SYSTEMPATH\CodeIgniter.php(368): CodeIgniter\CodeIgniter->handleRequest()
 9 FCPATH\index.php(67): CodeIgniter\CodeIgniter->run()
CRITICAL - 2023-06-07 23:26:16 --> Undefined index: title
in APPPATH\Views\pages\home.php on line 1.
 1 APPPATH\Views\pages\home.php(1): CodeIgniter\Debug\Exceptions->errorHandler()
 2 SYSTEMPATH\View\View.php(213): include('C:\\Program Files\\Ampps\\www\\pea-news\\app\\Views\\pages\\home.php')
 3 SYSTEMPATH\View\View.php(216): CodeIgniter\View\View->CodeIgniter\View\{closure}()
 4 SYSTEMPATH\Common.php(1184): CodeIgniter\View\View->render()
 5 APPPATH\Controllers\Pages.php(29): view()
 6 SYSTEMPATH\CodeIgniter.php(934): App\Controllers\Pages->view()
 7 SYSTEMPATH\CodeIgniter.php(499): CodeIgniter\CodeIgniter->runController()
 8 SYSTEMPATH\CodeIgniter.php(368): CodeIgniter\CodeIgniter->handleRequest()
 9 FCPATH\index.php(67): CodeIgniter\CodeIgniter->run()
CRITICAL - 2023-06-07 23:27:00 --> Undefined index: title
in APPPATH\Views\pages\home.php on line 1.
 1 APPPATH\Views\pages\home.php(1): CodeIgniter\Debug\Exceptions->errorHandler()
 2 SYSTEMPATH\View\View.php(213): include('C:\\Program Files\\Ampps\\www\\pea-news\\app\\Views\\pages\\home.php')
 3 SYSTEMPATH\View\View.php(216): CodeIgniter\View\View->CodeIgniter\View\{closure}()
 4 SYSTEMPATH\Common.php(1184): CodeIgniter\View\View->render()
 5 APPPATH\Controllers\Pages.php(29): view()
 6 SYSTEMPATH\CodeIgniter.php(934): App\Controllers\Pages->view()
 7 SYSTEMPATH\CodeIgniter.php(499): CodeIgniter\CodeIgniter->runController()
 8 SYSTEMPATH\CodeIgniter.php(368): CodeIgniter\CodeIgniter->handleRequest()
 9 FCPATH\index.php(67): CodeIgniter\CodeIgniter->run()
CRITICAL - 2023-06-07 23:27:02 --> Undefined index: title
in APPPATH\Views\pages\home.php on line 1.
 1 APPPATH\Views\pages\home.php(1): CodeIgniter\Debug\Exceptions->errorHandler()
 2 SYSTEMPATH\View\View.php(213): include('C:\\Program Files\\Ampps\\www\\pea-news\\app\\Views\\pages\\home.php')
 3 SYSTEMPATH\View\View.php(216): CodeIgniter\View\View->CodeIgniter\View\{closure}()
 4 SYSTEMPATH\Common.php(1184): CodeIgniter\View\View->render()
 5 APPPATH\Controllers\Pages.php(29): view()
 6 SYSTEMPATH\CodeIgniter.php(934): App\Controllers\Pages->view()
 7 SYSTEMPATH\CodeIgniter.php(499): CodeIgniter\CodeIgniter->runController()
 8 SYSTEMPATH\CodeIgniter.php(368): CodeIgniter\CodeIgniter->handleRequest()
 9 FCPATH\index.php(67): CodeIgniter\CodeIgniter->run()
CRITICAL - 2023-06-07 23:27:03 --> Undefined index: title
in APPPATH\Views\pages\home.php on line 1.
 1 APPPATH\Views\pages\home.php(1): CodeIgniter\Debug\Exceptions->errorHandler()
 2 SYSTEMPATH\View\View.php(213): include('C:\\Program Files\\Ampps\\www\\pea-news\\app\\Views\\pages\\home.php')
 3 SYSTEMPATH\View\View.php(216): CodeIgniter\View\View->CodeIgniter\View\{closure}()
 4 SYSTEMPATH\Common.php(1184): CodeIgniter\View\View->render()
 5 APPPATH\Controllers\Pages.php(29): view()
 6 SYSTEMPATH\CodeIgniter.php(934): App\Controllers\Pages->view()
 7 SYSTEMPATH\CodeIgniter.php(499): CodeIgniter\CodeIgniter->runController()
 8 SYSTEMPATH\CodeIgniter.php(368): CodeIgniter\CodeIgniter->handleRequest()
 9 FCPATH\index.php(67): CodeIgniter\CodeIgniter->run()
CRITICAL - 2023-06-07 23:27:03 --> Undefined index: title
in APPPATH\Views\pages\home.php on line 1.
 1 APPPATH\Views\pages\home.php(1): CodeIgniter\Debug\Exceptions->errorHandler()
 2 SYSTEMPATH\View\View.php(213): include('C:\\Program Files\\Ampps\\www\\pea-news\\app\\Views\\pages\\home.php')
 3 SYSTEMPATH\View\View.php(216): CodeIgniter\View\View->CodeIgniter\View\{closure}()
 4 SYSTEMPATH\Common.php(1184): CodeIgniter\View\View->render()
 5 APPPATH\Controllers\Pages.php(29): view()
 6 SYSTEMPATH\CodeIgniter.php(934): App\Controllers\Pages->view()
 7 SYSTEMPATH\CodeIgniter.php(499): CodeIgniter\CodeIgniter->runController()
 8 SYSTEMPATH\CodeIgniter.php(368): CodeIgniter\CodeIgniter->handleRequest()
 9 FCPATH\index.php(67): CodeIgniter\CodeIgniter->run()
CRITICAL - 2023-06-07 23:27:04 --> Undefined index: title
in APPPATH\Views\pages\home.php on line 1.
 1 APPPATH\Views\pages\home.php(1): CodeIgniter\Debug\Exceptions->errorHandler()
 2 SYSTEMPATH\View\View.php(213): include('C:\\Program Files\\Ampps\\www\\pea-news\\app\\Views\\pages\\home.php')
 3 SYSTEMPATH\View\View.php(216): CodeIgniter\View\View->CodeIgniter\View\{closure}()
 4 SYSTEMPATH\Common.php(1184): CodeIgniter\View\View->render()
 5 APPPATH\Controllers\Pages.php(29): view()
 6 SYSTEMPATH\CodeIgniter.php(934): App\Controllers\Pages->view()
 7 SYSTEMPATH\CodeIgniter.php(499): CodeIgniter\CodeIgniter->runController()
 8 SYSTEMPATH\CodeIgniter.php(368): CodeIgniter\CodeIgniter->handleRequest()
 9 FCPATH\index.php(67): CodeIgniter\CodeIgniter->run()
CRITICAL - 2023-06-07 23:27:32 --> Undefined index: title
in APPPATH\Views\pages\home.php on line 1.
 1 APPPATH\Views\pages\home.php(1): CodeIgniter\Debug\Exceptions->errorHandler()
 2 SYSTEMPATH\View\View.php(213): include('C:\\Program Files\\Ampps\\www\\pea-news\\app\\Views\\pages\\home.php')
 3 SYSTEMPATH\View\View.php(216): CodeIgniter\View\View->CodeIgniter\View\{closure}()
 4 SYSTEMPATH\Common.php(1184): CodeIgniter\View\View->render()
 5 APPPATH\Controllers\Pages.php(29): view()
 6 SYSTEMPATH\CodeIgniter.php(934): App\Controllers\Pages->view()
 7 SYSTEMPATH\CodeIgniter.php(499): CodeIgniter\CodeIgniter->runController()
 8 SYSTEMPATH\CodeIgniter.php(368): CodeIgniter\CodeIgniter->handleRequest()
 9 FCPATH\index.php(67): CodeIgniter\CodeIgniter->run()
CRITICAL - 2023-06-07 23:27:33 --> Undefined index: title
in APPPATH\Views\pages\home.php on line 1.
 1 APPPATH\Views\pages\home.php(1): CodeIgniter\Debug\Exceptions->errorHandler()
 2 SYSTEMPATH\View\View.php(213): include('C:\\Program Files\\Ampps\\www\\pea-news\\app\\Views\\pages\\home.php')
 3 SYSTEMPATH\View\View.php(216): CodeIgniter\View\View->CodeIgniter\View\{closure}()
 4 SYSTEMPATH\Common.php(1184): CodeIgniter\View\View->render()
 5 APPPATH\Controllers\Pages.php(29): view()
 6 SYSTEMPATH\CodeIgniter.php(934): App\Controllers\Pages->view()
 7 SYSTEMPATH\CodeIgniter.php(499): CodeIgniter\CodeIgniter->runController()
 8 SYSTEMPATH\CodeIgniter.php(368): CodeIgniter\CodeIgniter->handleRequest()
 9 FCPATH\index.php(67): CodeIgniter\CodeIgniter->run()
CRITICAL - 2023-06-07 23:27:34 --> Undefined index: title
in APPPATH\Views\pages\home.php on line 1.
 1 APPPATH\Views\pages\home.php(1): CodeIgniter\Debug\Exceptions->errorHandler()
 2 SYSTEMPATH\View\View.php(213): include('C:\\Program Files\\Ampps\\www\\pea-news\\app\\Views\\pages\\home.php')
 3 SYSTEMPATH\View\View.php(216): CodeIgniter\View\View->CodeIgniter\View\{closure}()
 4 SYSTEMPATH\Common.php(1184): CodeIgniter\View\View->render()
 5 APPPATH\Controllers\Pages.php(29): view()
 6 SYSTEMPATH\CodeIgniter.php(934): App\Controllers\Pages->view()
 7 SYSTEMPATH\CodeIgniter.php(499): CodeIgniter\CodeIgniter->runController()
 8 SYSTEMPATH\CodeIgniter.php(368): CodeIgniter\CodeIgniter->handleRequest()
 9 FCPATH\index.php(67): CodeIgniter\CodeIgniter->run()
CRITICAL - 2023-06-07 23:27:34 --> Undefined index: title
in APPPATH\Views\pages\home.php on line 1.
 1 APPPATH\Views\pages\home.php(1): CodeIgniter\Debug\Exceptions->errorHandler()
 2 SYSTEMPATH\View\View.php(213): include('C:\\Program Files\\Ampps\\www\\pea-news\\app\\Views\\pages\\home.php')
 3 SYSTEMPATH\View\View.php(216): CodeIgniter\View\View->CodeIgniter\View\{closure}()
 4 SYSTEMPATH\Common.php(1184): CodeIgniter\View\View->render()
 5 APPPATH\Controllers\Pages.php(29): view()
 6 SYSTEMPATH\CodeIgniter.php(934): App\Controllers\Pages->view()
 7 SYSTEMPATH\CodeIgniter.php(499): CodeIgniter\CodeIgniter->runController()
 8 SYSTEMPATH\CodeIgniter.php(368): CodeIgniter\CodeIgniter->handleRequest()
 9 FCPATH\index.php(67): CodeIgniter\CodeIgniter->run()
CRITICAL - 2023-06-07 23:27:34 --> Undefined index: title
in APPPATH\Views\pages\home.php on line 1.
 1 APPPATH\Views\pages\home.php(1): CodeIgniter\Debug\Exceptions->errorHandler()
 2 SYSTEMPATH\View\View.php(213): include('C:\\Program Files\\Ampps\\www\\pea-news\\app\\Views\\pages\\home.php')
 3 SYSTEMPATH\View\View.php(216): CodeIgniter\View\View->CodeIgniter\View\{closure}()
 4 SYSTEMPATH\Common.php(1184): CodeIgniter\View\View->render()
 5 APPPATH\Controllers\Pages.php(29): view()
 6 SYSTEMPATH\CodeIgniter.php(934): App\Controllers\Pages->view()
 7 SYSTEMPATH\CodeIgniter.php(499): CodeIgniter\CodeIgniter->runController()
 8 SYSTEMPATH\CodeIgniter.php(368): CodeIgniter\CodeIgniter->handleRequest()
 9 FCPATH\index.php(67): CodeIgniter\CodeIgniter->run()
CRITICAL - 2023-06-07 23:27:34 --> Undefined index: title
in APPPATH\Views\pages\home.php on line 1.
 1 APPPATH\Views\pages\home.php(1): CodeIgniter\Debug\Exceptions->errorHandler()
 2 SYSTEMPATH\View\View.php(213): include('C:\\Program Files\\Ampps\\www\\pea-news\\app\\Views\\pages\\home.php')
 3 SYSTEMPATH\View\View.php(216): CodeIgniter\View\View->CodeIgniter\View\{closure}()
 4 SYSTEMPATH\Common.php(1184): CodeIgniter\View\View->render()
 5 APPPATH\Controllers\Pages.php(29): view()
 6 SYSTEMPATH\CodeIgniter.php(934): App\Controllers\Pages->view()
 7 SYSTEMPATH\CodeIgniter.php(499): CodeIgniter\CodeIgniter->runController()
 8 SYSTEMPATH\CodeIgniter.php(368): CodeIgniter\CodeIgniter->handleRequest()
 9 FCPATH\index.php(67): CodeIgniter\CodeIgniter->run()
CRITICAL - 2023-06-07 23:27:34 --> Undefined index: title
in APPPATH\Views\pages\home.php on line 1.
 1 APPPATH\Views\pages\home.php(1): CodeIgniter\Debug\Exceptions->errorHandler()
 2 SYSTEMPATH\View\View.php(213): include('C:\\Program Files\\Ampps\\www\\pea-news\\app\\Views\\pages\\home.php')
 3 SYSTEMPATH\View\View.php(216): CodeIgniter\View\View->CodeIgniter\View\{closure}()
 4 SYSTEMPATH\Common.php(1184): CodeIgniter\View\View->render()
 5 APPPATH\Controllers\Pages.php(29): view()
 6 SYSTEMPATH\CodeIgniter.php(934): App\Controllers\Pages->view()
 7 SYSTEMPATH\CodeIgniter.php(499): CodeIgniter\CodeIgniter->runController()
 8 SYSTEMPATH\CodeIgniter.php(368): CodeIgniter\CodeIgniter->handleRequest()
 9 FCPATH\index.php(67): CodeIgniter\CodeIgniter->run()
CRITICAL - 2023-06-07 23:28:24 --> Undefined variable: data
in APPPATH\Views\pages\home.php on line 1.
 1 APPPATH\Views\pages\home.php(1): CodeIgniter\Debug\Exceptions->errorHandler()
 2 SYSTEMPATH\View\View.php(213): include('C:\\Program Files\\Ampps\\www\\pea-news\\app\\Views\\pages\\home.php')
 3 SYSTEMPATH\View\View.php(216): CodeIgniter\View\View->CodeIgniter\View\{closure}()
 4 SYSTEMPATH\Common.php(1184): CodeIgniter\View\View->render()
 5 APPPATH\Controllers\Pages.php(29): view()
 6 SYSTEMPATH\CodeIgniter.php(934): App\Controllers\Pages->view()
 7 SYSTEMPATH\CodeIgniter.php(499): CodeIgniter\CodeIgniter->runController()
 8 SYSTEMPATH\CodeIgniter.php(368): CodeIgniter\CodeIgniter->handleRequest()
 9 FCPATH\index.php(67): CodeIgniter\CodeIgniter->run()
CRITICAL - 2023-06-07 23:28:25 --> Undefined variable: data
in APPPATH\Views\pages\home.php on line 1.
 1 APPPATH\Views\pages\home.php(1): CodeIgniter\Debug\Exceptions->errorHandler()
 2 SYSTEMPATH\View\View.php(213): include('C:\\Program Files\\Ampps\\www\\pea-news\\app\\Views\\pages\\home.php')
 3 SYSTEMPATH\View\View.php(216): CodeIgniter\View\View->CodeIgniter\View\{closure}()
 4 SYSTEMPATH\Common.php(1184): CodeIgniter\View\View->render()
 5 APPPATH\Controllers\Pages.php(29): view()
 6 SYSTEMPATH\CodeIgniter.php(934): App\Controllers\Pages->view()
 7 SYSTEMPATH\CodeIgniter.php(499): CodeIgniter\CodeIgniter->runController()
 8 SYSTEMPATH\CodeIgniter.php(368): CodeIgniter\CodeIgniter->handleRequest()
 9 FCPATH\index.php(67): CodeIgniter\CodeIgniter->run()
CRITICAL - 2023-06-07 23:30:58 --> Undefined variable: data
in APPPATH\Views\pages\home.php on line 1.
 1 APPPATH\Views\pages\home.php(1): CodeIgniter\Debug\Exceptions->errorHandler()
 2 SYSTEMPATH\View\View.php(213): include('C:\\Program Files\\Ampps\\www\\pea-news\\app\\Views\\pages\\home.php')
 3 SYSTEMPATH\View\View.php(216): CodeIgniter\View\View->CodeIgniter\View\{closure}()
 4 SYSTEMPATH\Common.php(1184): CodeIgniter\View\View->render()
 5 APPPATH\Controllers\Pages.php(29): view()
 6 SYSTEMPATH\CodeIgniter.php(934): App\Controllers\Pages->view()
 7 SYSTEMPATH\CodeIgniter.php(499): CodeIgniter\CodeIgniter->runController()
 8 SYSTEMPATH\CodeIgniter.php(368): CodeIgniter\CodeIgniter->handleRequest()
 9 FCPATH\index.php(67): CodeIgniter\CodeIgniter->run()
CRITICAL - 2023-06-07 23:30:59 --> Undefined variable: data
in APPPATH\Views\pages\home.php on line 1.
 1 APPPATH\Views\pages\home.php(1): CodeIgniter\Debug\Exceptions->errorHandler()
 2 SYSTEMPATH\View\View.php(213): include('C:\\Program Files\\Ampps\\www\\pea-news\\app\\Views\\pages\\home.php')
 3 SYSTEMPATH\View\View.php(216): CodeIgniter\View\View->CodeIgniter\View\{closure}()
 4 SYSTEMPATH\Common.php(1184): CodeIgniter\View\View->render()
 5 APPPATH\Controllers\Pages.php(29): view()
 6 SYSTEMPATH\CodeIgniter.php(934): App\Controllers\Pages->view()
 7 SYSTEMPATH\CodeIgniter.php(499): CodeIgniter\CodeIgniter->runController()
 8 SYSTEMPATH\CodeIgniter.php(368): CodeIgniter\CodeIgniter->handleRequest()
 9 FCPATH\index.php(67): CodeIgniter\CodeIgniter->run()
CRITICAL - 2023-06-07 23:30:59 --> Undefined variable: data
in APPPATH\Views\pages\home.php on line 1.
 1 APPPATH\Views\pages\home.php(1): CodeIgniter\Debug\Exceptions->errorHandler()
 2 SYSTEMPATH\View\View.php(213): include('C:\\Program Files\\Ampps\\www\\pea-news\\app\\Views\\pages\\home.php')
 3 SYSTEMPATH\View\View.php(216): CodeIgniter\View\View->CodeIgniter\View\{closure}()
 4 SYSTEMPATH\Common.php(1184): CodeIgniter\View\View->render()
 5 APPPATH\Controllers\Pages.php(29): view()
 6 SYSTEMPATH\CodeIgniter.php(934): App\Controllers\Pages->view()
 7 SYSTEMPATH\CodeIgniter.php(499): CodeIgniter\CodeIgniter->runController()
 8 SYSTEMPATH\CodeIgniter.php(368): CodeIgniter\CodeIgniter->handleRequest()
 9 FCPATH\index.php(67): CodeIgniter\CodeIgniter->run()
CRITICAL - 2023-06-07 23:31:00 --> Undefined variable: data
in APPPATH\Views\pages\home.php on line 1.
 1 APPPATH\Views\pages\home.php(1): CodeIgniter\Debug\Exceptions->errorHandler()
 2 SYSTEMPATH\View\View.php(213): include('C:\\Program Files\\Ampps\\www\\pea-news\\app\\Views\\pages\\home.php')
 3 SYSTEMPATH\View\View.php(216): CodeIgniter\View\View->CodeIgniter\View\{closure}()
 4 SYSTEMPATH\Common.php(1184): CodeIgniter\View\View->render()
 5 APPPATH\Controllers\Pages.php(29): view()
 6 SYSTEMPATH\CodeIgniter.php(934): App\Controllers\Pages->view()
 7 SYSTEMPATH\CodeIgniter.php(499): CodeIgniter\CodeIgniter->runController()
 8 SYSTEMPATH\CodeIgniter.php(368): CodeIgniter\CodeIgniter->handleRequest()
 9 FCPATH\index.php(67): CodeIgniter\CodeIgniter->run()
CRITICAL - 2023-06-07 23:31:40 --> Undefined index: title
in APPPATH\Views\pages\home.php on line 1.
 1 APPPATH\Views\pages\home.php(1): CodeIgniter\Debug\Exceptions->errorHandler()
 2 SYSTEMPATH\View\View.php(213): include('C:\\Program Files\\Ampps\\www\\pea-news\\app\\Views\\pages\\home.php')
 3 SYSTEMPATH\View\View.php(216): CodeIgniter\View\View->CodeIgniter\View\{closure}()
 4 SYSTEMPATH\Common.php(1184): CodeIgniter\View\View->render()
 5 APPPATH\Controllers\Pages.php(29): view()
 6 SYSTEMPATH\CodeIgniter.php(934): App\Controllers\Pages->view()
 7 SYSTEMPATH\CodeIgniter.php(499): CodeIgniter\CodeIgniter->runController()
 8 SYSTEMPATH\CodeIgniter.php(368): CodeIgniter\CodeIgniter->handleRequest()
 9 FCPATH\index.php(67): CodeIgniter\CodeIgniter->run()
CRITICAL - 2023-06-07 23:31:41 --> Undefined index: title
in APPPATH\Views\pages\home.php on line 1.
 1 APPPATH\Views\pages\home.php(1): CodeIgniter\Debug\Exceptions->errorHandler()
 2 SYSTEMPATH\View\View.php(213): include('C:\\Program Files\\Ampps\\www\\pea-news\\app\\Views\\pages\\home.php')
 3 SYSTEMPATH\View\View.php(216): CodeIgniter\View\View->CodeIgniter\View\{closure}()
 4 SYSTEMPATH\Common.php(1184): CodeIgniter\View\View->render()
 5 APPPATH\Controllers\Pages.php(29): view()
 6 SYSTEMPATH\CodeIgniter.php(934): App\Controllers\Pages->view()
 7 SYSTEMPATH\CodeIgniter.php(499): CodeIgniter\CodeIgniter->runController()
 8 SYSTEMPATH\CodeIgniter.php(368): CodeIgniter\CodeIgniter->handleRequest()
 9 FCPATH\index.php(67): CodeIgniter\CodeIgniter->run()
CRITICAL - 2023-06-07 23:33:38 --> Undefined index: title
in APPPATH\Views\pages\home.php on line 1.
 1 APPPATH\Views\pages\home.php(1): CodeIgniter\Debug\Exceptions->errorHandler()
 2 SYSTEMPATH\View\View.php(213): include('C:\\Program Files\\Ampps\\www\\pea-news\\app\\Views\\pages\\home.php')
 3 SYSTEMPATH\View\View.php(216): CodeIgniter\View\View->CodeIgniter\View\{closure}()
 4 SYSTEMPATH\Common.php(1184): CodeIgniter\View\View->render()
 5 APPPATH\Controllers\Pages.php(30): view()
 6 SYSTEMPATH\CodeIgniter.php(934): App\Controllers\Pages->view()
 7 SYSTEMPATH\CodeIgniter.php(499): CodeIgniter\CodeIgniter->runController()
 8 SYSTEMPATH\CodeIgniter.php(368): CodeIgniter\CodeIgniter->handleRequest()
 9 FCPATH\index.php(67): CodeIgniter\CodeIgniter->run()
CRITICAL - 2023-06-07 23:33:39 --> Undefined index: title
in APPPATH\Views\pages\home.php on line 1.
 1 APPPATH\Views\pages\home.php(1): CodeIgniter\Debug\Exceptions->errorHandler()
 2 SYSTEMPATH\View\View.php(213): include('C:\\Program Files\\Ampps\\www\\pea-news\\app\\Views\\pages\\home.php')
 3 SYSTEMPATH\View\View.php(216): CodeIgniter\View\View->CodeIgniter\View\{closure}()
 4 SYSTEMPATH\Common.php(1184): CodeIgniter\View\View->render()
 5 APPPATH\Controllers\Pages.php(30): view()
 6 SYSTEMPATH\CodeIgniter.php(934): App\Controllers\Pages->view()
 7 SYSTEMPATH\CodeIgniter.php(499): CodeIgniter\CodeIgniter->runController()
 8 SYSTEMPATH\CodeIgniter.php(368): CodeIgniter\CodeIgniter->handleRequest()
 9 FCPATH\index.php(67): CodeIgniter\CodeIgniter->run()
CRITICAL - 2023-06-07 23:33:40 --> Undefined index: title
in APPPATH\Views\pages\home.php on line 1.
 1 APPPATH\Views\pages\home.php(1): CodeIgniter\Debug\Exceptions->errorHandler()
 2 SYSTEMPATH\View\View.php(213): include('C:\\Program Files\\Ampps\\www\\pea-news\\app\\Views\\pages\\home.php')
 3 SYSTEMPATH\View\View.php(216): CodeIgniter\View\View->CodeIgniter\View\{closure}()
 4 SYSTEMPATH\Common.php(1184): CodeIgniter\View\View->render()
 5 APPPATH\Controllers\Pages.php(30): view()
 6 SYSTEMPATH\CodeIgniter.php(934): App\Controllers\Pages->view()
 7 SYSTEMPATH\CodeIgniter.php(499): CodeIgniter\CodeIgniter->runController()
 8 SYSTEMPATH\CodeIgniter.php(368): CodeIgniter\CodeIgniter->handleRequest()
 9 FCPATH\index.php(67): CodeIgniter\CodeIgniter->run()
CRITICAL - 2023-06-07 23:33:43 --> Undefined index: title
in APPPATH\Views\pages\home.php on line 1.
 1 APPPATH\Views\pages\home.php(1): CodeIgniter\Debug\Exceptions->errorHandler()
 2 SYSTEMPATH\View\View.php(213): include('C:\\Program Files\\Ampps\\www\\pea-news\\app\\Views\\pages\\home.php')
 3 SYSTEMPATH\View\View.php(216): CodeIgniter\View\View->CodeIgniter\View\{closure}()
 4 SYSTEMPATH\Common.php(1184): CodeIgniter\View\View->render()
 5 APPPATH\Controllers\Pages.php(30): view()
 6 SYSTEMPATH\CodeIgniter.php(934): App\Controllers\Pages->view()
 7 SYSTEMPATH\CodeIgniter.php(499): CodeIgniter\CodeIgniter->runController()
 8 SYSTEMPATH\CodeIgniter.php(368): CodeIgniter\CodeIgniter->handleRequest()
 9 FCPATH\index.php(67): CodeIgniter\CodeIgniter->run()
CRITICAL - 2023-06-07 23:33:45 --> Undefined index: title
in APPPATH\Views\pages\home.php on line 1.
 1 APPPATH\Views\pages\home.php(1): CodeIgniter\Debug\Exceptions->errorHandler()
 2 SYSTEMPATH\View\View.php(213): include('C:\\Program Files\\Ampps\\www\\pea-news\\app\\Views\\pages\\home.php')
 3 SYSTEMPATH\View\View.php(216): CodeIgniter\View\View->CodeIgniter\View\{closure}()
 4 SYSTEMPATH\Common.php(1184): CodeIgniter\View\View->render()
 5 APPPATH\Controllers\Pages.php(30): view()
 6 SYSTEMPATH\CodeIgniter.php(934): App\Controllers\Pages->view()
 7 SYSTEMPATH\CodeIgniter.php(499): CodeIgniter\CodeIgniter->runController()
 8 SYSTEMPATH\CodeIgniter.php(368): CodeIgniter\CodeIgniter->handleRequest()
 9 FCPATH\index.php(67): CodeIgniter\CodeIgniter->run()
CRITICAL - 2023-06-07 23:35:09 --> Undefined index: title
in APPPATH\Views\pages\home.php on line 1.
 1 APPPATH\Views\pages\home.php(1): CodeIgniter\Debug\Exceptions->errorHandler()
 2 SYSTEMPATH\View\View.php(213): include('C:\\Program Files\\Ampps\\www\\pea-news\\app\\Views\\pages\\home.php')
 3 SYSTEMPATH\View\View.php(216): CodeIgniter\View\View->CodeIgniter\View\{closure}()
 4 SYSTEMPATH\Common.php(1184): CodeIgniter\View\View->render()
 5 APPPATH\Controllers\Pages.php(30): view()
 6 SYSTEMPATH\CodeIgniter.php(934): App\Controllers\Pages->view()
 7 SYSTEMPATH\CodeIgniter.php(499): CodeIgniter\CodeIgniter->runController()
 8 SYSTEMPATH\CodeIgniter.php(368): CodeIgniter\CodeIgniter->handleRequest()
 9 FCPATH\index.php(67): CodeIgniter\CodeIgniter->run()
CRITICAL - 2023-06-07 23:35:10 --> Undefined index: title
in APPPATH\Views\pages\home.php on line 1.
 1 APPPATH\Views\pages\home.php(1): CodeIgniter\Debug\Exceptions->errorHandler()
 2 SYSTEMPATH\View\View.php(213): include('C:\\Program Files\\Ampps\\www\\pea-news\\app\\Views\\pages\\home.php')
 3 SYSTEMPATH\View\View.php(216): CodeIgniter\View\View->CodeIgniter\View\{closure}()
 4 SYSTEMPATH\Common.php(1184): CodeIgniter\View\View->render()
 5 APPPATH\Controllers\Pages.php(30): view()
 6 SYSTEMPATH\CodeIgniter.php(934): App\Controllers\Pages->view()
 7 SYSTEMPATH\CodeIgniter.php(499): CodeIgniter\CodeIgniter->runController()
 8 SYSTEMPATH\CodeIgniter.php(368): CodeIgniter\CodeIgniter->handleRequest()
 9 FCPATH\index.php(67): CodeIgniter\CodeIgniter->run()
CRITICAL - 2023-06-07 23:35:25 --> Undefined index: title
in APPPATH\Views\pages\home.php on line 1.
 1 APPPATH\Views\pages\home.php(1): CodeIgniter\Debug\Exceptions->errorHandler()
 2 SYSTEMPATH\View\View.php(213): include('C:\\Program Files\\Ampps\\www\\pea-news\\app\\Views\\pages\\home.php')
 3 SYSTEMPATH\View\View.php(216): CodeIgniter\View\View->CodeIgniter\View\{closure}()
 4 SYSTEMPATH\Common.php(1184): CodeIgniter\View\View->render()
 5 APPPATH\Controllers\Pages.php(30): view()
 6 SYSTEMPATH\CodeIgniter.php(934): App\Controllers\Pages->view()
 7 SYSTEMPATH\CodeIgniter.php(499): CodeIgniter\CodeIgniter->runController()
 8 SYSTEMPATH\CodeIgniter.php(368): CodeIgniter\CodeIgniter->handleRequest()
 9 FCPATH\index.php(67): CodeIgniter\CodeIgniter->run()
CRITICAL - 2023-06-07 23:35:26 --> Undefined index: title
in APPPATH\Views\pages\home.php on line 1.
 1 APPPATH\Views\pages\home.php(1): CodeIgniter\Debug\Exceptions->errorHandler()
 2 SYSTEMPATH\View\View.php(213): include('C:\\Program Files\\Ampps\\www\\pea-news\\app\\Views\\pages\\home.php')
 3 SYSTEMPATH\View\View.php(216): CodeIgniter\View\View->CodeIgniter\View\{closure}()
 4 SYSTEMPATH\Common.php(1184): CodeIgniter\View\View->render()
 5 APPPATH\Controllers\Pages.php(30): view()
 6 SYSTEMPATH\CodeIgniter.php(934): App\Controllers\Pages->view()
 7 SYSTEMPATH\CodeIgniter.php(499): CodeIgniter\CodeIgniter->runController()
 8 SYSTEMPATH\CodeIgniter.php(368): CodeIgniter\CodeIgniter->handleRequest()
 9 FCPATH\index.php(67): CodeIgniter\CodeIgniter->run()
CRITICAL - 2023-06-07 23:35:33 --> Undefined index: title
in APPPATH\Views\pages\home.php on line 1.
 1 APPPATH\Views\pages\home.php(1): CodeIgniter\Debug\Exceptions->errorHandler()
 2 SYSTEMPATH\View\View.php(213): include('C:\\Program Files\\Ampps\\www\\pea-news\\app\\Views\\pages\\home.php')
 3 SYSTEMPATH\View\View.php(216): CodeIgniter\View\View->CodeIgniter\View\{closure}()
 4 SYSTEMPATH\Common.php(1184): CodeIgniter\View\View->render()
 5 APPPATH\Controllers\Pages.php(30): view()
 6 SYSTEMPATH\CodeIgniter.php(934): App\Controllers\Pages->view()
 7 SYSTEMPATH\CodeIgniter.php(499): CodeIgniter\CodeIgniter->runController()
 8 SYSTEMPATH\CodeIgniter.php(368): CodeIgniter\CodeIgniter->handleRequest()
 9 FCPATH\index.php(67): CodeIgniter\CodeIgniter->run()
